2022-12-10 19:34:45.620  INFO 24676 --- [restartedMain] edu.ynu.arduino.ArduinoApplication       : Starting ArduinoApplication using Java 11.0.14 on LAPTOP-LK15P071 with PID 24676 (F:\dataFileForAll\Pros\javaPros\arduino\target\classes started by shiwenbo in F:\dataFileForAll\Pros\javaPros\arduino)
2022-12-10 19:34:45.624 DEBUG 24676 --- [restartedMain] edu.ynu.arduino.ArduinoApplication       : Running with Spring Boot v2.7.3, Spring v5.3.22
2022-12-10 19:34:45.625  INFO 24676 --- [restartedMain] edu.ynu.arduino.ArduinoApplication       : No active profile set, falling back to 1 default profile: "default"
2022-12-10 19:34:45.693  INFO 24676 --- [restartedMain] .e.DevToolsPropertyDefaultsPostProcessor : Devtools property defaults active! Set 'spring.devtools.add-properties' to 'false' to disable
2022-12-10 19:34:45.694  INFO 24676 --- [restartedMain] .e.DevToolsPropertyDefaultsPostProcessor : For additional web related logging consider setting the 'logging.level.web' property to 'DEBUG'
2022-12-10 19:34:47.712  INFO 24676 --- [restartedMain] .s.d.r.c.RepositoryConfigurationDelegate : Bootstrapping Spring Data JPA repositories in DEFAULT mode.
2022-12-10 19:34:47.866  INFO 24676 --- [restartedMain] .s.d.r.c.RepositoryConfigurationDelegate : Finished Spring Data repository scanning in 134 ms. Found 4 JPA repository interfaces.
2022-12-10 19:34:48.154  WARN 24676 --- [restartedMain] o.m.s.mapper.ClassPathMapperScanner      : No MyBatis mapper was found in '[edu.ynu.arduino]' package. Please check your configuration.
2022-12-10 19:34:49.494  INFO 24676 --- [restartedMain] o.s.b.w.embedded.tomcat.TomcatWebServer  : Tomcat initialized with port(s): 9527 (http)
2022-12-10 19:34:49.514  INFO 24676 --- [restartedMain] o.apache.catalina.core.StandardService   : Starting service [Tomcat]
2022-12-10 19:34:49.514  INFO 24676 --- [restartedMain] org.apache.catalina.core.StandardEngine  : Starting Servlet engine: [Apache Tomcat/9.0.65]
2022-12-10 19:34:49.688  INFO 24676 --- [restartedMain] o.a.c.c.C.[Tomcat].[localhost].[/]       : Initializing Spring embedded WebApplicationContext
2022-12-10 19:34:49.688  INFO 24676 --- [restartedMain] w.s.c.ServletWebServerApplicationContext : Root WebApplicationContext: initialization completed in 3994 ms
2022-12-10 19:34:50.189  INFO 24676 --- [restartedMain] o.hibernate.jpa.internal.util.LogHelper  : HHH000204: Processing PersistenceUnitInfo [name: default]
2022-12-10 19:34:50.265  INFO 24676 --- [restartedMain] org.hibernate.Version                    : HHH000412: Hibernate ORM core version 5.6.10.Final
2022-12-10 19:34:50.523  INFO 24676 --- [restartedMain] o.hibernate.annotations.common.Version   : HCANN000001: Hibernate Commons Annotations {5.1.2.Final}
2022-12-10 19:34:53.238  INFO 24676 --- [restartedMain] com.alibaba.druid.pool.DruidDataSource   : {dataSource-1} inited
2022-12-10 19:34:53.257  INFO 24676 --- [restartedMain] org.hibernate.dialect.Dialect            : HHH000400: Using dialect: org.hibernate.dialect.MySQL55Dialect
2022-12-10 19:34:53.408  WARN 24676 --- [restartedMain] org.hibernate.id.UUIDHexGenerator        : HHH000409: Using org.hibernate.id.UUIDHexGenerator which does not generate IETF RFC 4122 compliant UUID values; consider using org.hibernate.id.UUIDGenerator instead
2022-12-10 19:34:54.246  INFO 24676 --- [restartedMain] o.h.e.t.j.p.i.JtaPlatformInitiator       : HHH000490: Using JtaPlatform implementation: [org.hibernate.engine.transaction.jta.platform.internal.NoJtaPlatform]
2022-12-10 19:34:54.257  INFO 24676 --- [restartedMain] j.LocalContainerEntityManagerFactoryBean : Initialized JPA EntityManagerFactory for persistence unit 'default'
2022-12-10 19:34:54.965  WARN 24676 --- [restartedMain] JpaBaseConfiguration$JpaWebConfiguration : spring.jpa.open-in-view is enabled by default. Therefore, database queries may be performed during view rendering. Explicitly configure spring.jpa.open-in-view to disable this warning
2022-12-10 19:34:56.214  INFO 24676 --- [restartedMain] o.s.b.d.a.OptionalLiveReloadServer       : LiveReload server is running on port 35729
2022-12-10 19:34:56.265  INFO 24676 --- [restartedMain] o.s.b.w.embedded.tomcat.TomcatWebServer  : Tomcat started on port(s): 9527 (http) with context path ''
2022-12-10 19:34:56.287  INFO 24676 --- [restartedMain] edu.ynu.arduino.ArduinoApplication       : Started ArduinoApplication in 11.542 seconds (JVM running for 14.413)
2022-12-10 19:34:56.292  INFO 24676 --- [restartedMain] edu.ynu.arduino.ArduinoApplication       : logger class: class ch.qos.logback.classic.Logger
2022-12-10 19:35:46.505  INFO 24676 --- [http-nio-9527-exec-1] o.a.c.c.C.[Tomcat].[localhost].[/]       : Initializing Spring DispatcherServlet 'dispatcherServlet'
2022-12-10 19:35:46.506  INFO 24676 --- [http-nio-9527-exec-1] o.s.web.servlet.DispatcherServlet        : Initializing Servlet 'dispatcherServlet'
2022-12-10 19:35:46.509  INFO 24676 --- [http-nio-9527-exec-1] o.s.web.servlet.DispatcherServlet        : Completed initialization in 2 ms
2022-12-10 19:35:52.445  INFO 24676 --- [http-nio-9527-exec-3] o.springdoc.api.AbstractOpenApiResource  : Init duration for springdoc-openapi is: 721 ms
2022-12-10 19:36:02.312  INFO 24676 --- [SpringApplicationShutdownHook] j.LocalContainerEntityManagerFactoryBean : Closing JPA EntityManagerFactory for persistence unit 'default'
2022-12-10 19:36:02.315  INFO 24676 --- [SpringApplicationShutdownHook] com.alibaba.druid.pool.DruidDataSource   : {dataSource-1} closing ...
2022-12-10 19:36:02.325  INFO 24676 --- [SpringApplicationShutdownHook] com.alibaba.druid.pool.DruidDataSource   : {dataSource-1} closed
